
This is the zoo announcer, the Zookeeper is about to wake the animals

Frank of Feline is awake
Fiona of Feline is awake
Catthew of Cat is awake
Carl of Cat is awake
Chloe of Canine is awake
Cassidy of Canine is awake
William of Wolf is awake
Winnie of Wolf is awake

This is the zoo announcer, the Zookeeper is about to roll call the animals

Frank of Feline is meowing
Fiona of Feline is meowing
Catthew of Cat is purring
Carl of Cat is purring
Chloe of Canine is barking
Cassidy of Canine is barking
William of Wolf is howling
Winnie of Wolf is howling

This is the zoo announcer, the Zookeeper is about to feed the animals

Frank of Feline is eating Feline food
Fiona of Feline is eating Feline food
Catthew of Cat is roaming
Carl of Cat is eating fancy feast
Chloe of Canine is eating Meat
Cassidy of Canine is eating Meat
William of Wolf is eating kibble
Winnie of Wolf is eating kibble

This is the zoo announcer, the Zookeeper is about to let the animals roam

Frank of Feline is roaming
Fiona of Feline is roaming
Catthew of Cat is eating fancy feast
Carl of Cat is roaming
Chloe of Canine is roaming
Cassidy of Canine is roaming
William of Wolf is roaming
Winnie of Wolf is roaming

This is the zoo announcer, the Zookeeper is about to put the animals to sleep

Frank of Feline is asleep
Fiona of Feline is asleep
Catthew of Cat is asleep
Carl of Cat is asleep
Chloe of Canine is asleep
Cassidy of Canine is asleep
William of Wolf is asleep
Winnie of Wolf is asleep
